2026-02-10 18:13:17 - restlessresume.app.main - ERROR - general_exception_handler:86 - Unexpected error: (psycopg2.errors.UndefinedColumn) column users.profile_picture does not exist
LINE 1: ...AS users_password_hash, users.name AS users_name, users.prof...
                                                             ^

[SQL: SELECT users.id AS users_id, users.email AS users_email, users.password_hash AS users_password_hash, users.name AS users_name, users.profile_picture AS users_profile_picture, users.created_at AS users_created_at, users.is_active AS users_is_active 
FROM users 
WHERE users.email = %(email_1)s 
 LIMIT %(param_1)s]
[parameters: {'email_1': 'gobhuya@gmail.com', 'param_1': 1}]
(Background on this error at: https://sqlalche.me/e/20/f405)
Traceback (most recent call last):
  File "C:\Users\gobhu\RestlessResume\.venv\Lib\site-packages\sqlalchemy\engine\base.py", line 1967, in _exec_single_context
    self.dialect.do_execute(
  File "C:\Users\gobhu\RestlessResume\.venv\Lib\site-packages\sqlalchemy\engine\default.py", line 952, in do_execute
    cursor.execute(statement, parameters)
psycopg2.errors.UndefinedColumn: column users.profile_picture does not exist
LINE 1: ...AS users_password_hash, users.name AS users_name, users.prof...
                                                             ^


The above exception was the direct cause of the following exception:

Traceback (most recent call last):
  File "C:\Users\gobhu\RestlessResume\.venv\Lib\site-packages\starlette\middleware\errors.py", line 164, in __call__
    await self.app(scope, receive, _send)
  File "C:\Users\gobhu\RestlessResume\.venv\Lib\site-packages\starlette\middleware\cors.py", line 91, in __call__
    await self.simple_response(scope, receive, send, request_headers=headers)
  File "C:\Users\gobhu\RestlessResume\.venv\Lib\site-packages\starlette\middleware\cors.py", line 146, in simple_response
    await self.app(scope, receive, send)
  File "C:\Users\gobhu\RestlessResume\.venv\Lib\site-packages\starlette\middleware\sessions.py", line 83, in __call__
    await self.app(scope, receive, send_wrapper)
  File "C:\Users\gobhu\RestlessResume\.venv\Lib\site-packages\starlette\middleware\exceptions.py", line 62, in __call__
    await wrap_app_handling_exceptions(self.app, conn)(scope, receive, send)
  File "C:\Users\gobhu\RestlessResume\.venv\Lib\site-packages\starlette\_exception_handler.py", line 64, in wrapped_app
    raise exc
  File "C:\Users\gobhu\RestlessResume\.venv\Lib\site-packages\starlette\_exception_handler.py", line 53, in wrapped_app
    await app(scope, receive, sender)
  File "C:\Users\gobhu\RestlessResume\.venv\Lib\site-packages\starlette\routing.py", line 762, in __call__
    await self.middleware_stack(scope, receive, send)
  File "C:\Users\gobhu\RestlessResume\.venv\Lib\site-packages\starlette\routing.py", line 782, in app
    await route.handle(scope, receive, send)
  File "C:\Users\gobhu\RestlessResume\.venv\Lib\site-packages\starlette\routing.py", line 297, in handle
    await self.app(scope, receive, send)
  File "C:\Users\gobhu\RestlessResume\.venv\Lib\site-packages\starlette\routing.py", line 77, in app
    await wrap_app_handling_exceptions(app, request)(scope, receive, send)
  File "C:\Users\gobhu\RestlessResume\.venv\Lib\site-packages\starlette\_exception_handler.py", line 64, in wrapped_app
    raise exc
  File "C:\Users\gobhu\RestlessResume\.venv\Lib\site-packages\starlette\_exception_handler.py", line 53, in wrapped_app
    await app(scope, receive, sender)
  File "C:\Users\gobhu\RestlessResume\.venv\Lib\site-packages\starlette\routing.py", line 72, in app
    response = await func(request)
               ^^^^^^^^^^^^^^^^^^^
  File "C:\Users\gobhu\AppData\Local\Programs\Python\Python311\Lib\contextlib.py", line 222, in __aexit__
    await self.gen.athrow(typ, value, traceback)
  File "C:\Users\gobhu\RestlessResume\.venv\Lib\site-packages\fastapi\concurrency.py", line 35, in contextmanager_in_threadpool
    raise e
sqlalchemy.exc.ProgrammingError: (psycopg2.errors.UndefinedColumn) column users.profile_picture does not exist
LINE 1: ...AS users_password_hash, users.name AS users_name, users.prof...
                                                             ^

[SQL: SELECT users.id AS users_id, users.email AS users_email, users.password_hash AS users_password_hash, users.name AS users_name, users.profile_picture AS users_profile_picture, users.created_at AS users_created_at, users.is_active AS users_is_active 
FROM users 
WHERE users.email = %(email_1)s 
 LIMIT %(param_1)s]
[parameters: {'email_1': 'gobhuya@gmail.com', 'param_1': 1}]
(Background on this error at: https://sqlalche.me/e/20/f405)
2026-02-10 18:13:26 - restlessresume.app.main - ERROR - general_exception_handler:86 - Unexpected error: (psycopg2.errors.UndefinedColumn) column users.profile_picture does not exist
LINE 1: ...AS users_password_hash, users.name AS users_name, users.prof...
                                                             ^

[SQL: SELECT users.id AS users_id, users.email AS users_email, users.password_hash AS users_password_hash, users.name AS users_name, users.profile_picture AS users_profile_picture, users.created_at AS users_created_at, users.is_active AS users_is_active 
FROM users 
WHERE users.email = %(email_1)s 
 LIMIT %(param_1)s]
[parameters: {'email_1': 'atluribhumika08@gmail.com', 'param_1': 1}]
(Background on this error at: https://sqlalche.me/e/20/f405)
Traceback (most recent call last):
  File "C:\Users\gobhu\RestlessResume\.venv\Lib\site-packages\sqlalchemy\engine\base.py", line 1967, in _exec_single_context
    self.dialect.do_execute(
  File "C:\Users\gobhu\RestlessResume\.venv\Lib\site-packages\sqlalchemy\engine\default.py", line 952, in do_execute
    cursor.execute(statement, parameters)
psycopg2.errors.UndefinedColumn: column users.profile_picture does not exist
LINE 1: ...AS users_password_hash, users.name AS users_name, users.prof...
                                                             ^


The above exception was the direct cause of the following exception:

Traceback (most recent call last):
  File "C:\Users\gobhu\RestlessResume\.venv\Lib\site-packages\starlette\middleware\errors.py", line 164, in __call__
    await self.app(scope, receive, _send)
  File "C:\Users\gobhu\RestlessResume\.venv\Lib\site-packages\starlette\middleware\cors.py", line 91, in __call__
    await self.simple_response(scope, receive, send, request_headers=headers)
  File "C:\Users\gobhu\RestlessResume\.venv\Lib\site-packages\starlette\middleware\cors.py", line 146, in simple_response
    await self.app(scope, receive, send)
  File "C:\Users\gobhu\RestlessResume\.venv\Lib\site-packages\starlette\middleware\sessions.py", line 83, in __call__
    await self.app(scope, receive, send_wrapper)
  File "C:\Users\gobhu\RestlessResume\.venv\Lib\site-packages\starlette\middleware\exceptions.py", line 62, in __call__
    await wrap_app_handling_exceptions(self.app, conn)(scope, receive, send)
  File "C:\Users\gobhu\RestlessResume\.venv\Lib\site-packages\starlette\_exception_handler.py", line 64, in wrapped_app
    raise exc
  File "C:\Users\gobhu\RestlessResume\.venv\Lib\site-packages\starlette\_exception_handler.py", line 53, in wrapped_app
    await app(scope, receive, sender)
  File "C:\Users\gobhu\RestlessResume\.venv\Lib\site-packages\starlette\routing.py", line 762, in __call__
    await self.middleware_stack(scope, receive, send)
  File "C:\Users\gobhu\RestlessResume\.venv\Lib\site-packages\starlette\routing.py", line 782, in app
    await route.handle(scope, receive, send)
  File "C:\Users\gobhu\RestlessResume\.venv\Lib\site-packages\starlette\routing.py", line 297, in handle
    await self.app(scope, receive, send)
  File "C:\Users\gobhu\RestlessResume\.venv\Lib\site-packages\starlette\routing.py", line 77, in app
    await wrap_app_handling_exceptions(app, request)(scope, receive, send)
  File "C:\Users\gobhu\RestlessResume\.venv\Lib\site-packages\starlette\_exception_handler.py", line 64, in wrapped_app
    raise exc
  File "C:\Users\gobhu\RestlessResume\.venv\Lib\site-packages\starlette\_exception_handler.py", line 53, in wrapped_app
    await app(scope, receive, sender)
  File "C:\Users\gobhu\RestlessResume\.venv\Lib\site-packages\starlette\routing.py", line 72, in app
    response = await func(request)
               ^^^^^^^^^^^^^^^^^^^
  File "C:\Users\gobhu\AppData\Local\Programs\Python\Python311\Lib\contextlib.py", line 222, in __aexit__
    await self.gen.athrow(typ, value, traceback)
  File "C:\Users\gobhu\RestlessResume\.venv\Lib\site-packages\fastapi\concurrency.py", line 35, in contextmanager_in_threadpool
    raise e
sqlalchemy.exc.ProgrammingError: (psycopg2.errors.UndefinedColumn) column users.profile_picture does not exist
LINE 1: ...AS users_password_hash, users.name AS users_name, users.prof...
                                                             ^

[SQL: SELECT users.id AS users_id, users.email AS users_email, users.password_hash AS users_password_hash, users.name AS users_name, users.profile_picture AS users_profile_picture, users.created_at AS users_created_at, users.is_active AS users_is_active 
FROM users 
WHERE users.email = %(email_1)s 
 LIMIT %(param_1)s]
[parameters: {'email_1': 'atluribhumika08@gmail.com', 'param_1': 1}]
(Background on this error at: https://sqlalche.me/e/20/f405)
2026-02-10 18:14:45 - restlessresume.app.main - ERROR - general_exception_handler:86 - Unexpected error: (psycopg2.errors.UndefinedColumn) column users.profile_picture does not exist
LINE 1: ...AS users_password_hash, users.name AS users_name, users.prof...
                                                             ^

[SQL: SELECT users.id AS users_id, users.email AS users_email, users.password_hash AS users_password_hash, users.name AS users_name, users.profile_picture AS users_profile_picture, users.created_at AS users_created_at, users.is_active AS users_is_active 
FROM users 
WHERE users.email = %(email_1)s 
 LIMIT %(param_1)s]
[parameters: {'email_1': 'test@example.com', 'param_1': 1}]
(Background on this error at: https://sqlalche.me/e/20/f405)
Traceback (most recent call last):
  File "C:\Users\gobhu\RestlessResume\.venv\Lib\site-packages\sqlalchemy\engine\base.py", line 1967, in _exec_single_context
    self.dialect.do_execute(
  File "C:\Users\gobhu\RestlessResume\.venv\Lib\site-packages\sqlalchemy\engine\default.py", line 952, in do_execute
    cursor.execute(statement, parameters)
psycopg2.errors.UndefinedColumn: column users.profile_picture does not exist
LINE 1: ...AS users_password_hash, users.name AS users_name, users.prof...
                                                             ^


The above exception was the direct cause of the following exception:

Traceback (most recent call last):
  File "C:\Users\gobhu\RestlessResume\.venv\Lib\site-packages\starlette\middleware\errors.py", line 164, in __call__
    await self.app(scope, receive, _send)
  File "C:\Users\gobhu\RestlessResume\.venv\Lib\site-packages\starlette\middleware\cors.py", line 83, in __call__
    await self.app(scope, receive, send)
  File "C:\Users\gobhu\RestlessResume\.venv\Lib\site-packages\starlette\middleware\sessions.py", line 83, in __call__
    await self.app(scope, receive, send_wrapper)
  File "C:\Users\gobhu\RestlessResume\.venv\Lib\site-packages\starlette\middleware\exceptions.py", line 62, in __call__
    await wrap_app_handling_exceptions(self.app, conn)(scope, receive, send)
  File "C:\Users\gobhu\RestlessResume\.venv\Lib\site-packages\starlette\_exception_handler.py", line 64, in wrapped_app
    raise exc
  File "C:\Users\gobhu\RestlessResume\.venv\Lib\site-packages\starlette\_exception_handler.py", line 53, in wrapped_app
    await app(scope, receive, sender)
  File "C:\Users\gobhu\RestlessResume\.venv\Lib\site-packages\starlette\routing.py", line 762, in __call__
    await self.middleware_stack(scope, receive, send)
  File "C:\Users\gobhu\RestlessResume\.venv\Lib\site-packages\starlette\routing.py", line 782, in app
    await route.handle(scope, receive, send)
  File "C:\Users\gobhu\RestlessResume\.venv\Lib\site-packages\starlette\routing.py", line 297, in handle
    await self.app(scope, receive, send)
  File "C:\Users\gobhu\RestlessResume\.venv\Lib\site-packages\starlette\routing.py", line 77, in app
    await wrap_app_handling_exceptions(app, request)(scope, receive, send)
  File "C:\Users\gobhu\RestlessResume\.venv\Lib\site-packages\starlette\_exception_handler.py", line 64, in wrapped_app
    raise exc
  File "C:\Users\gobhu\RestlessResume\.venv\Lib\site-packages\starlette\_exception_handler.py", line 53, in wrapped_app
    await app(scope, receive, sender)
  File "C:\Users\gobhu\RestlessResume\.venv\Lib\site-packages\starlette\routing.py", line 72, in app
    response = await func(request)
               ^^^^^^^^^^^^^^^^^^^
  File "C:\Users\gobhu\AppData\Local\Programs\Python\Python311\Lib\contextlib.py", line 222, in __aexit__
    await self.gen.athrow(typ, value, traceback)
  File "C:\Users\gobhu\RestlessResume\.venv\Lib\site-packages\fastapi\concurrency.py", line 35, in contextmanager_in_threadpool
    raise e
sqlalchemy.exc.ProgrammingError: (psycopg2.errors.UndefinedColumn) column users.profile_picture does not exist
LINE 1: ...AS users_password_hash, users.name AS users_name, users.prof...
                                                             ^

[SQL: SELECT users.id AS users_id, users.email AS users_email, users.password_hash AS users_password_hash, users.name AS users_name, users.profile_picture AS users_profile_picture, users.created_at AS users_created_at, users.is_active AS users_is_active 
FROM users 
WHERE users.email = %(email_1)s 
 LIMIT %(param_1)s]
[parameters: {'email_1': 'test@example.com', 'param_1': 1}]
(Background on this error at: https://sqlalche.me/e/20/f405)
2026-02-10 18:14:45 - restlessresume.app.main - ERROR - general_exception_handler:86 - Unexpected error: (psycopg2.errors.UndefinedColumn) column users.profile_picture does not exist
LINE 1: ...AS users_password_hash, users.name AS users_name, users.prof...
                                                             ^

[SQL: SELECT users.id AS users_id, users.email AS users_email, users.password_hash AS users_password_hash, users.name AS users_name, users.profile_picture AS users_profile_picture, users.created_at AS users_created_at, users.is_active AS users_is_active 
FROM users 
WHERE users.email = %(email_1)s 
 LIMIT %(param_1)s]
[parameters: {'email_1': 'test@example.com', 'param_1': 1}]
(Background on this error at: https://sqlalche.me/e/20/f405)
Traceback (most recent call last):
  File "C:\Users\gobhu\RestlessResume\.venv\Lib\site-packages\sqlalchemy\engine\base.py", line 1967, in _exec_single_context
    self.dialect.do_execute(
  File "C:\Users\gobhu\RestlessResume\.venv\Lib\site-packages\sqlalchemy\engine\default.py", line 952, in do_execute
    cursor.execute(statement, parameters)
psycopg2.errors.UndefinedColumn: column users.profile_picture does not exist
LINE 1: ...AS users_password_hash, users.name AS users_name, users.prof...
                                                             ^


The above exception was the direct cause of the following exception:

Traceback (most recent call last):
  File "C:\Users\gobhu\RestlessResume\.venv\Lib\site-packages\starlette\middleware\errors.py", line 164, in __call__
    await self.app(scope, receive, _send)
  File "C:\Users\gobhu\RestlessResume\.venv\Lib\site-packages\starlette\middleware\cors.py", line 83, in __call__
    await self.app(scope, receive, send)
  File "C:\Users\gobhu\RestlessResume\.venv\Lib\site-packages\starlette\middleware\sessions.py", line 83, in __call__
    await self.app(scope, receive, send_wrapper)
  File "C:\Users\gobhu\RestlessResume\.venv\Lib\site-packages\starlette\middleware\exceptions.py", line 62, in __call__
    await wrap_app_handling_exceptions(self.app, conn)(scope, receive, send)
  File "C:\Users\gobhu\RestlessResume\.venv\Lib\site-packages\starlette\_exception_handler.py", line 64, in wrapped_app
    raise exc
  File "C:\Users\gobhu\RestlessResume\.venv\Lib\site-packages\starlette\_exception_handler.py", line 53, in wrapped_app
    await app(scope, receive, sender)
  File "C:\Users\gobhu\RestlessResume\.venv\Lib\site-packages\starlette\routing.py", line 762, in __call__
    await self.middleware_stack(scope, receive, send)
  File "C:\Users\gobhu\RestlessResume\.venv\Lib\site-packages\starlette\routing.py", line 782, in app
    await route.handle(scope, receive, send)
  File "C:\Users\gobhu\RestlessResume\.venv\Lib\site-packages\starlette\routing.py", line 297, in handle
    await self.app(scope, receive, send)
  File "C:\Users\gobhu\RestlessResume\.venv\Lib\site-packages\starlette\routing.py", line 77, in app
    await wrap_app_handling_exceptions(app, request)(scope, receive, send)
  File "C:\Users\gobhu\RestlessResume\.venv\Lib\site-packages\starlette\_exception_handler.py", line 64, in wrapped_app
    raise exc
  File "C:\Users\gobhu\RestlessResume\.venv\Lib\site-packages\starlette\_exception_handler.py", line 53, in wrapped_app
    await app(scope, receive, sender)
  File "C:\Users\gobhu\RestlessResume\.venv\Lib\site-packages\starlette\routing.py", line 72, in app
    response = await func(request)
               ^^^^^^^^^^^^^^^^^^^
  File "C:\Users\gobhu\AppData\Local\Programs\Python\Python311\Lib\contextlib.py", line 222, in __aexit__
    await self.gen.athrow(typ, value, traceback)
  File "C:\Users\gobhu\RestlessResume\.venv\Lib\site-packages\fastapi\concurrency.py", line 35, in contextmanager_in_threadpool
    raise e
sqlalchemy.exc.ProgrammingError: (psycopg2.errors.UndefinedColumn) column users.profile_picture does not exist
LINE 1: ...AS users_password_hash, users.name AS users_name, users.prof...
                                                             ^

[SQL: SELECT users.id AS users_id, users.email AS users_email, users.password_hash AS users_password_hash, users.name AS users_name, users.profile_picture AS users_profile_picture, users.created_at AS users_created_at, users.is_active AS users_is_active 
FROM users 
WHERE users.email = %(email_1)s 
 LIMIT %(param_1)s]
[parameters: {'email_1': 'test@example.com', 'param_1': 1}]
(Background on this error at: https://sqlalche.me/e/20/f405)
2026-02-10 18:16:11 - restlessresume.app.routers.auth - ERROR - signup:154 - Signup error for gobhuya@gmail.com: Email already registered
2026-02-10 18:16:20 - restlessresume.app.routers.auth - ERROR - signup:154 - Signup error for gobhuya@gmail.com: Email already registered
